2023-02-15T15:38:19.489+0200 INFO class com.example.final_project.dto.UserDTO to
UserDTO{login='KarpAAA', name='Ivan', role=Student, email='ivankarpinskij.ua@gmail.com', age=21, registrationDate=2023-02-15, surname='Karpinskyi', phone='+380960104018', blocked_state=UNLOCKED, balance=0} has been updated
2023-02-15T15:39:13.750+0200 INFO class com.example.final_project.dto.UserDTO to
UserDTO{login='KarpAAA', name='Ivan111', role=Student, email='ivankarpinskij.ua@gmail.com', age=21, registrationDate=2023-02-15, surname='Karpinskyi', phone='+380960104018', blocked_state=UNLOCKED, balance=0} has been updated
2023-02-15T15:39:16.740+0200 INFO class com.example.final_project.dto.UserDTO to
UserDTO{login='KarpAAA', name='Ivan111', role=Student, email='ivankarpinskij.ua@gmail.com', age=22, registrationDate=2023-02-15, surname='Karpinskyi', phone='+380960104018', blocked_state=UNLOCKED, balance=0} has been updated
2023-02-15T17:44:56.308+0200 INFO class com.example.final_project.database.entities.message.Message to
com.example.final_project.database.entities.message.Message@16dddbac has been created
2023-02-15T17:44:56.372+0200 INFO class com.example.final_project.dto.UserDTO to
UserDTO{login='us111', name='us111', role=Student, email='ivankarpinskij@.uagmail.com', age=-1, registrationDate=2023-02-15, surname='', phone='+495045444', blocked_state=UNLOCKED, balance=0} has been created
2023-02-15T18:21:24.096+0200 INFO class com.example.final_project.dto.CourseDTO to
CourseDTO{title='course1', topic='Anatomy', description='555', teacher=UserDTO{login='IdaRichmond', name='Ida', role=Teacher, email='idarichmond@gmail.com', age=0, registrationDate=2023-01-02, surname='null', phone='null', blocked_state=UNLOCKED, balance=0}, startDate=2023-01-21, finishDate=2024-04-12, maxStudentsAmount=5, currentStudentsAmount=0, price=16, state=InProgress} has been updated
2023-02-15T18:21:26.701+0200 INFO class com.example.final_project.dto.CourseDTO to
CourseDTO{title='course1', topic='Anatomy', description='555', teacher=UserDTO{login='IdaRichmond', name='Ida', role=Teacher, email='idarichmond@gmail.com', age=0, registrationDate=2023-01-02, surname='null', phone='null', blocked_state=UNLOCKED, balance=0}, startDate=2023-01-21, finishDate=2024-04-12, maxStudentsAmount=5, currentStudentsAmount=0, price=16, state=InProgress} has been updated
2023-02-15T18:21:28.027+0200 INFO class com.example.final_project.dto.CourseDTO to
CourseDTO{title='course1', topic='Anatomy', description='555', teacher=UserDTO{login='IdaRichmond', name='Ida', role=Teacher, email='idarichmond@gmail.com', age=0, registrationDate=2023-01-02, surname='null', phone='null', blocked_state=UNLOCKED, balance=0}, startDate=2023-01-21, finishDate=2024-04-12, maxStudentsAmount=5, currentStudentsAmount=0, price=16, state=InProgress} has been updated
2023-02-15T18:21:35.483+0200 INFO class com.example.final_project.dto.CourseDTO to
CourseDTO{title='Data Science Fundamentals with Python and SQL', topic='Data Science', description='Data Science is one of the hottest professions of the decade, and the demand for data scientists who can analyze data and communicate results to inform data driven decisions has never been greater. This Specialization from IBM will help anyone interested in pursuing a career in data science by teaching them fundamental skills to get started in this in-demand field.', teacher=UserDTO{login='CaitlynBuckeler', name='Caitlyn', role=Teacher, email='caitlynbuckeler@gmail.com', age=32, registrationDate=2023-01-02, surname='Buckeler', phone='+0960104018', blocked_state=UNLOCKED, balance=0}, startDate=2023-05-06, finishDate=2023-06-04, maxStudentsAmount=120, currentStudentsAmount=0, price=100, state=NotStarted} has been updated
2023-02-15T18:23:40.057+0200 INFO class com.example.final_project.database.entities.message.Message to
com.example.final_project.database.entities.message.Message@58197a84 has been created
2023-02-15T18:23:40.080+0200 INFO class com.example.final_project.dto.MeetingDTO to
MeetingDTO{title='some title', description='description some text', link='link.com', course=CourseDTO{title='Data Science Fundamentals with Python and SQL', topic='Data Science', description='Data Science is one of the hottest professions of the decade, and the demand for data scientists who can analyze data and communicate results to inform data driven decisions has never been greater. This Specialization from IBM will help anyone interested in pursuing a career in data science by teaching them fundamental skills to get started in this in-demand field.', teacher=UserDTO{login='CaitlynBuckeler', name='Caitlyn', role=Teacher, email='caitlynbuckeler@gmail.com', age=32, registrationDate=2023-01-02, surname='Buckeler', phone='+0960104018', blocked_state=UNLOCKED, balance=0}, startDate=2023-05-06, finishDate=2023-06-04, maxStudentsAmount=120, currentStudentsAmount=1, price=100, state=NotStarted}, startDate=2023-02-16, time=12:00:00} has been created
2023-02-15T18:26:22.130+0200 INFO class com.example.final_project.database.entities.message.Message to
com.example.final_project.database.entities.message.Message@6eb13daf has been created
2023-02-15T18:26:22.157+0200 INFO class com.example.final_project.dto.MeetingDTO to
MeetingDTO{title='title1', description='description some text', link='link.com', course=CourseDTO{title='Data Science Fundamentals with Python and SQL', topic='Data Science', description='Data Science is one of the hottest professions of the decade, and the demand for data scientists who can analyze data and communicate results to inform data driven decisions has never been greater. This Specialization from IBM will help anyone interested in pursuing a career in data science by teaching them fundamental skills to get started in this in-demand field.', teacher=UserDTO{login='CaitlynBuckeler', name='Caitlyn', role=Teacher, email='caitlynbuckeler@gmail.com', age=32, registrationDate=2023-01-02, surname='Buckeler', phone='+0960104018', blocked_state=UNLOCKED, balance=0}, startDate=2023-05-06, finishDate=2023-06-04, maxStudentsAmount=120, currentStudentsAmount=1, price=100, state=NotStarted}, startDate=2023-02-16, time=12:00:00} has been created
2023-02-15T18:32:13.934+0200 INFO class com.example.final_project.database.entities.message.Message to
com.example.final_project.database.entities.message.Message@29939472 has been created
2023-02-15T18:32:13.936+0200 INFO class com.example.final_project.dto.MeetingDTO to
MeetingDTO{title='111', description='111111', link='link.com', course=CourseDTO{title='Data Science Fundamentals with Python and SQL', topic='Data Science', description='Data Science is one of the hottest professions of the decade, and the demand for data scientists who can analyze data and communicate results to inform data driven decisions has never been greater. This Specialization from IBM will help anyone interested in pursuing a career in data science by teaching them fundamental skills to get started in this in-demand field.', teacher=UserDTO{login='CaitlynBuckeler', name='Caitlyn', role=Teacher, email='caitlynbuckeler@gmail.com', age=32, registrationDate=2023-01-02, surname='Buckeler', phone='+0960104018', blocked_state=UNLOCKED, balance=0}, startDate=2023-05-06, finishDate=2023-06-04, maxStudentsAmount=120, currentStudentsAmount=1, price=100, state=NotStarted}, startDate=2023-02-16, time=12:00:00} has been created
2023-02-15T18:33:23.018+0200 INFO class com.example.final_project.dto.UserDTO to
UserDTO{login='us111', name='us111', role=Student, email='ivankarpinskij@.uagmail.com', age=-1, registrationDate=2023-02-15, surname='', phone='+495045444', blocked_state=UNLOCKED, balance=20} has been updated
2023-02-15T18:33:43.314+0200 INFO class com.example.final_project.dto.CourseDTO to
CourseDTO{title='47dc.', topic='cooking', description='fgggggggggggggggggggggggggggggggg', teacher=UserDTO{login='CaitlynBuckeler', name='Caitlyn', role=Teacher, email='caitlynbuckeler@gmail.com', age=32, registrationDate=2023-01-02, surname='Buckeler', phone='+0960104018', blocked_state=UNLOCKED, balance=0}, startDate=2023-01-16, finishDate=2024-01-16, maxStudentsAmount=1, currentStudentsAmount=0, price=0, state=InProgress} has been updated
2023-02-15T18:33:52.182+0200 INFO class com.example.final_project.dto.CourseDTO to
CourseDTO{title='47dc.', topic='cooking', description='fgggggggggggggggggggggggggggggggg', teacher=UserDTO{login='CaitlynBuckeler', name='Caitlyn', role=Teacher, email='caitlynbuckeler@gmail.com', age=32, registrationDate=2023-01-02, surname='Buckeler', phone='+0960104018', blocked_state=UNLOCKED, balance=0}, startDate=2023-01-16, finishDate=2024-01-16, maxStudentsAmount=1, currentStudentsAmount=0, price=0, state=InProgress} has been updated
2023-02-15T18:34:36.910+0200 INFO class com.example.final_project.dto.CourseDTO to
CourseDTO{title='47dc.', topic='cooking', description='fgggggggggggggggggggggggggggggggg', teacher=UserDTO{login='CaitlynBuckeler', name='Caitlyn', role=Teacher, email='caitlynbuckeler@gmail.com', age=32, registrationDate=2023-01-02, surname='Buckeler', phone='+0960104018', blocked_state=UNLOCKED, balance=0}, startDate=2024-01-16, finishDate=2024-01-17, maxStudentsAmount=1, currentStudentsAmount=0, price=0, state=NotStarted} has been updated
2023-02-15T18:35:09.593+0200 INFO class com.example.final_project.dto.CourseDTO to
CourseDTO{title='Algorithms for Battery Management Systems', topic='Physical Science and Engineering', description='1111', teacher=UserDTO{login='CaitlynBuckeler', name='Caitlyn', role=Teacher, email='caitlynbuckeler@gmail.com', age=32, registrationDate=2023-01-02, surname='Buckeler', phone='+0960104018', blocked_state=UNLOCKED, balance=0}, startDate=2024-01-16, finishDate=2024-01-19, maxStudentsAmount=14, currentStudentsAmount=0, price=4212, state=NotStarted} has been updated
2023-02-15T18:36:04.249+0200 INFO class com.example.final_project.database.entities.message.Message to
com.example.final_project.database.entities.message.Message@37d195fe has been created
2023-02-15T18:36:05.184+0200 INFO class com.example.final_project.database.entities.message.Message to
com.example.final_project.database.entities.message.Message@a14e1fd has been created
2023-02-15T18:36:05.870+0200 INFO class com.example.final_project.database.entities.message.Message to
com.example.final_project.database.entities.message.Message@2b232d39 has been created
2023-02-15T18:36:07.439+0200 INFO class com.example.final_project.database.entities.message.Message to
com.example.final_project.database.entities.message.Message@14a6fc04 has been created
2023-02-15T18:36:37.268+0200 INFO class com.example.final_project.dto.CourseDTO to
CourseDTO{title='47dc.', topic='cooking', description='fgggggggggggggggggggggggggggggggg', teacher=UserDTO{login='CaitlynBuckeler', name='Caitlyn', role=Teacher, email='caitlynbuckeler@gmail.com', age=32, registrationDate=2023-01-02, surname='Buckeler', phone='+0960104018', blocked_state=UNLOCKED, balance=0}, startDate=2023-01-16, finishDate=2024-01-17, maxStudentsAmount=1, currentStudentsAmount=0, price=0, state=InProgress} has been updated
2023-02-15T18:37:34.473+0200 INFO class com.example.final_project.dto.UserDTO to
UserDTO{login='us111', name='us111', role=Student, email='ivankarpinskij@.uagmail.com', age=99, registrationDate=2023-02-15, surname='', phone='+495045444', blocked_state=UNLOCKED, balance=0} has been updated
2023-02-15T18:37:41.985+0200 INFO class com.example.final_project.dto.UserDTO to
UserDTO{login='us111', name='Ivan', role=Student, email='ivankarpinskij@.uagmail.com', age=99, registrationDate=2023-02-15, surname='Karpinskyi', phone='+495045444', blocked_state=UNLOCKED, balance=0} has been updated
2023-02-15T18:46:04.537+0200 INFO class com.example.final_project.database.entities.message.Message to
com.example.final_project.database.entities.message.Message@3bf1eccd has been created
2023-02-15T18:46:04.539+0200 INFO class com.example.final_project.database.entities.message.Message to
com.example.final_project.database.entities.message.Message@3f390253 has been created
2023-02-15T18:46:04.562+0200 INFO class com.example.final_project.dto.MeetingDTO to
MeetingDTO{title='123123', description='123123', link='123123', course=CourseDTO{title='Data Science Fundamentals with Python and SQL', topic='Data Science', description='Data Science is one of the hottest professions of the decade, and the demand for data scientists who can analyze data and communicate results to inform data driven decisions has never been greater. This Specialization from IBM will help anyone interested in pursuing a career in data science by teaching them fundamental skills to get started in this in-demand field.', teacher=UserDTO{login='CaitlynBuckeler', name='Caitlyn', role=Teacher, email='caitlynbuckeler@gmail.com', age=32, registrationDate=2023-01-02, surname='Buckeler', phone='+0960104018', blocked_state=UNLOCKED, balance=0}, startDate=2023-05-06, finishDate=2023-06-04, maxStudentsAmount=120, currentStudentsAmount=2, price=100, state=NotStarted}, startDate=2023-02-16, time=12:00:00} has been created
2023-02-15T18:46:46.926+0200 INFO class com.example.final_project.dto.UserDTO to
UserDTO{login='CaitlynBuckeler', name='Caitlyn', role=Student, email='caitlynbuckeler@gmail.com', age=33, registrationDate=2023-02-15, surname='Buckeler', phone='+0960104018', blocked_state=UNLOCKED, balance=0} has been updated
2023-02-15T18:46:54.582+0200 INFO class com.example.final_project.dto.UserDTO to
UserDTO{login='CaitlynBuckeler', name='Caitlyn1', role=Student, email='caitlynbuckeler@gmail.com', age=33, registrationDate=2023-02-15, surname='Buckeler', phone='+0960104018', blocked_state=UNLOCKED, balance=0} has been updated
2023-02-15T18:49:46.845+0200 INFO class com.example.final_project.dto.TaskDTO to
TaskDTO{id=0, title='1123', condition='1123', course=com.example.final_project.database.entities.course.Course@7fb84753} has been created
2023-02-15T18:51:41.078+0200 INFO class com.example.final_project.dto.TaskDTO to
TaskDTO{id=0, title='some task', condition='some task', course=com.example.final_project.database.entities.course.Course@3ba34462} has been created
2023-02-15T18:54:44.569+0200 INFO class com.example.final_project.dto.CourseDTO to
CourseDTO{title='People and Soft Skills for Professional', topic='Personal Development', description='', teacher=UserDTO{login='CaitlynBuckeler', name='Caitlyn1', role=Teacher, email='caitlynbuckeler@gmail.com', age=33, registrationDate=2023-01-02, surname='Buckeler', phone='+0960104018', blocked_state=UNLOCKED, balance=0}, startDate=2023-02-01, finishDate=2023-02-13, maxStudentsAmount=2, currentStudentsAmount=0, price=80, state=Finished} has been updated
2023-02-15T19:10:01.250+0200 INFO class com.example.final_project.dto.TaskDTO to
TaskDTO{id=0, title='123', condition='123', course=com.example.final_project.database.entities.course.Course@6d643fe2} has been created
2023-02-15T19:17:37.999+0200 INFO class com.example.final_project.dto.CourseDTO to
CourseDTO{title='Data Science Fundamentals with Python and SQL', topic='Data Science', description='Data Science is one of the hottest professions of the decade, and the demand for data scientists who can analyze data and communicate results to inform data driven decisions has never been greater. This Specialization from IBM will help anyone interested in pursuing a career in data science by teaching them fundamental skills to get started in this in-demand field.', teacher=UserDTO{login='CaitlynBuckeler', name='Caitlyn1', role=Teacher, email='caitlynbuckeler@gmail.com', age=33, registrationDate=2023-01-02, surname='Buckeler', phone='+0960104018', blocked_state=UNLOCKED, balance=0}, startDate=2023-05-06, finishDate=2023-06-04, maxStudentsAmount=99, currentStudentsAmount=0, price=100, state=NotStarted} has been updated
2023-02-15T19:17:51.521+0200 INFO class com.example.final_project.dto.CourseDTO to
CourseDTO{title='Cloud Application Development Foundations', topic='Information Technology', description='', teacher=UserDTO{login='CaitlynBuckeler', name='Caitlyn1', role=Teacher, email='caitlynbuckeler@gmail.com', age=33, registrationDate=2023-01-02, surname='Buckeler', phone='+0960104018', blocked_state=UNLOCKED, balance=0}, startDate=2023-01-09, finishDate=2023-01-10, maxStudentsAmount=200, currentStudentsAmount=0, price=100, state=Finished} has been updated
2023-02-15T19:18:45.837+0200 INFO class com.example.final_project.database.entities.message.Message to
com.example.final_project.database.entities.message.Message@af3722d has been created
2023-02-15T19:18:48.147+0200 INFO class com.example.final_project.dto.UserDTO to
UserDTO{login='tte1c', name='tte1c', role=Teacher, email='tte1c@tte1c', age=-1, registrationDate=2023-02-15, surname='', phone='', blocked_state=null, balance=0} has been created
2023-02-15T19:18:53.983+0200 INFO class com.example.final_project.dto.UserDTO to
UserDTO{login='tte1c', name='tte1c', role=Teacher, email='tte1c@tte1c', age=-1, registrationDate=2023-02-15, surname='', phone='', blocked_state=UNLOCKED, balance=0} has been updated
2023-02-15T19:19:13.765+0200 INFO class com.example.final_project.dto.UserDTO to
UserDTO{login='admin', name='admin11', role=Student, email='beToStudySupport@gmail.com', age=30, registrationDate=2023-02-15, surname='adminchik', phone='+8300104018', blocked_state=UNLOCKED, balance=0} has been updated
2023-02-15T19:19:30.135+0200 INFO class com.example.final_project.database.entities.message.Message to
com.example.final_project.database.entities.message.Message@30f93256 has been created
2023-02-15T19:19:31.525+0200 INFO class com.example.final_project.dto.UserDTO to
UserDTO{login='tt1', name='tt1', role=Teacher, email='tt1@tt1', age=-1, registrationDate=2023-02-15, surname='', phone='', blocked_state=null, balance=0} has been created
2023-02-15T19:19:54.525+0200 INFO class com.example.final_project.dto.CourseDTO to
CourseDTO{title='47dc.', topic='cooking', description='fgggggggggggggggggggggggggggggggg', teacher=UserDTO{login='tt1', name='tt1', role=Teacher, email='tt1@tt1', age=-1, registrationDate=2023-02-15, surname='', phone='', blocked_state=UNLOCKED, balance=0}, startDate=2023-01-16, finishDate=2024-01-17, maxStudentsAmount=1, currentStudentsAmount=0, price=0, state=InProgress} has been updated
2023-02-15T19:19:55.847+0200 INFO class com.example.final_project.dto.CourseDTO to
CourseDTO{title='47dc.', topic='cooking', description='fgggggggggggggggggggggggggggggggg', teacher=UserDTO{login='tt1', name='tt1', role=Teacher, email='tt1@tt1', age=-1, registrationDate=2023-02-15, surname='', phone='', blocked_state=UNLOCKED, balance=0}, startDate=2023-01-16, finishDate=2024-01-17, maxStudentsAmount=1, currentStudentsAmount=0, price=0, state=InProgress} has been updated
2023-02-15T19:35:59.223+0200 INFO class com.example.final_project.database.entities.message.Message to
com.example.final_project.database.entities.message.Message@653c59c0 has been created
2023-02-15T19:36:01.234+0200 INFO class com.example.final_project.dto.UserDTO to
UserDTO{login='tt2', name='tt2', role=Teacher, email='tt2@tt2', age=-1, registrationDate=2023-02-15, surname='', phone='', blocked_state=null, balance=0} has been created
2023-02-15T19:47:55.295+0200 INFO class com.example.final_project.database.entities.message.Message to
com.example.final_project.database.entities.message.Message@18929ed7 has been created
2023-02-15T19:47:57.131+0200 INFO class com.example.final_project.dto.UserDTO to
UserDTO{login='KarpAAA', name='Ivan', role=Student, email='ivankarpinskij.ua@gmail.com', age=19, registrationDate=2023-02-15, surname='Karpinskyi', phone='+380960104018', blocked_state=UNLOCKED, balance=0} has been created
2023-02-15T19:48:18.861+0200 INFO class com.example.final_project.dto.UserDTO to
UserDTO{login='KarpAAA', name='Ivan', role=Student, email='ivankarpinskij.ua@gmail.com', age=19, registrationDate=2023-02-15, surname='Karpinskyi', phone='+380960104018', blocked_state=UNLOCKED, balance=0} has been updated
2023-02-15T19:49:21.730+0200 INFO class com.example.final_project.dto.CourseDTO to
CourseDTO{title='47dc.', topic='cooking', description='fgggggggggggggggggggggggggggggggg', teacher=null, startDate=2023-01-16, finishDate=2024-01-17, maxStudentsAmount=1, currentStudentsAmount=0, price=0, state=InProgress} has been updated
2023-02-15T19:51:32.362+0200 INFO class com.example.final_project.dto.CourseDTO to
CourseDTO{title='47dc.', topic='Cooking', description='Cooking is our hobby', teacher=UserDTO{login='CaitlynBuckeler', name='Caitlyn1', role=Teacher, email='caitlynbuckeler@gmail.com', age=33, registrationDate=2023-01-02, surname='Buckeler', phone='+0960104018', blocked_state=UNLOCKED, balance=0}, startDate=2023-01-16, finishDate=2024-01-17, maxStudentsAmount=10, currentStudentsAmount=0, price=0, state=InProgress} has been updated
2023-02-15T19:51:44.647+0200 INFO class com.example.final_project.dto.CourseDTO to
CourseDTO{title='course1', topic='Anatomy', description='555', teacher=UserDTO{login='IdaRichmond', name='Ida', role=Teacher, email='idarichmond@gmail.com', age=0, registrationDate=2023-01-02, surname='null', phone='null', blocked_state=UNLOCKED, balance=0}, startDate=2023-01-21, finishDate=2024-04-12, maxStudentsAmount=5, currentStudentsAmount=0, price=16, state=InProgress} has been updated
2023-02-15T19:51:55.559+0200 INFO class com.example.final_project.dto.CourseDTO to
CourseDTO{title='course2', topic='Anatomy', description='', teacher=UserDTO{login='CaitlynBuckeler', name='Caitlyn1', role=Teacher, email='caitlynbuckeler@gmail.com', age=33, registrationDate=2023-01-02, surname='Buckeler', phone='+0960104018', blocked_state=UNLOCKED, balance=0}, startDate=2023-01-21, finishDate=2024-06-21, maxStudentsAmount=11, currentStudentsAmount=0, price=111, state=InProgress} has been updated
2023-02-15T19:52:20.161+0200 INFO class com.example.final_project.dto.CourseDTO to
CourseDTO{title='47dc.', topic='Cooking', description='Cooking is our hobby', teacher=UserDTO{login='CaitlynBuckeler', name='Caitlyn1', role=Teacher, email='caitlynbuckeler@gmail.com', age=33, registrationDate=2023-01-02, surname='Buckeler', phone='+0960104018', blocked_state=UNLOCKED, balance=0}, startDate=2024-01-16, finishDate=2024-01-17, maxStudentsAmount=10, currentStudentsAmount=0, price=0, state=NotStarted} has been updated
2023-02-15T19:52:35.726+0200 INFO class com.example.final_project.dto.CourseDTO to
CourseDTO{title='IELTS Preparation', topic='Language Learning', description='The IELTS Preparation courses in this specialization are intended for those seeking to boost their scores on the IELTS exam. Whether you have taken the test before, these courses will help you to become more familiar with the various types of questions on the test. The many tips and strategies demonstrated in the courses will prepare you to perform your best to attain the scores you seek.', teacher=UserDTO{login='CaitlynBuckeler', name='Caitlyn1', role=Teacher, email='caitlynbuckeler@gmail.com', age=33, registrationDate=2023-01-02, surname='Buckeler', phone='+0960104018', blocked_state=UNLOCKED, balance=0}, startDate=2023-01-29, finishDate=2023-03-10, maxStudentsAmount=300, currentStudentsAmount=0, price=120, state=InProgress} has been updated
2023-02-15T19:53:34.081+0200 INFO class com.example.final_project.database.entities.message.Message to
com.example.final_project.database.entities.message.Message@26b6b310 has been created
2023-02-15T19:53:52.149+0200 INFO class com.example.final_project.dto.CourseDTO to
CourseDTO{title='47dc.', topic='Cooking', description='Cooking is our hobby', teacher=UserDTO{login='CaitlynBuckeler', name='Caitlyn1', role=Teacher, email='caitlynbuckeler@gmail.com', age=33, registrationDate=2023-01-02, surname='Buckeler', phone='+0960104018', blocked_state=UNLOCKED, balance=0}, startDate=2023-01-16, finishDate=2024-01-17, maxStudentsAmount=10, currentStudentsAmount=0, price=0, state=InProgress} has been updated
2023-02-15T19:54:19.170+0200 INFO class com.example.final_project.dto.TaskDTO to
TaskDTO{id=0, title='task', condition='task condition', course=com.example.final_project.database.entities.course.Course@7c83ddcf} has been created
2023-02-15T19:55:23.798+0200 INFO class com.example.final_project.dto.UserDTO to
UserDTO{login='KarpAAA', name='Ivan1', role=Student, email='ivankarpinskij.ua@gmail.com', age=19, registrationDate=2023-02-15, surname='Karpinskyi', phone='+380960104018', blocked_state=UNLOCKED, balance=0} has been updated
2023-02-15T19:55:27.116+0200 INFO class com.example.final_project.dto.UserDTO to
UserDTO{login='KarpAAA', name='Ivan', role=Student, email='ivankarpinskij.ua@gmail.com', age=19, registrationDate=2023-02-15, surname='Karpinskyi', phone='+380960104018', blocked_state=UNLOCKED, balance=0} has been updated
